<?xml version="1.0" encoding="UTF-8"?>
<testng-results ignored="0" total="1" passed="1" failed="0" skipped="0">
  <reporter-output>
  </reporter-output>
  <suite started-at="2021-10-17T15:33:43 BST" name="Default suite" finished-at="2021-10-17T15:33:55 BST" duration-ms="11827">
    <groups>
    </groups>
    <test started-at="2021-10-17T15:33:43 BST" name="Default test" finished-at="2021-10-17T15:33:55 BST" duration-ms="11827">
      <class name="Test.TestNG">
        <test-method is-config="true" signature="setUpTest()[pri:0, instance:Test.TestNG@7c711375]" started-at="2021-10-17T15:33:43 BST" name="setUpTest" finished-at="2021-10-17T15:33:48 BST" duration-ms="4705" status="PASS">
          <reporter-output>
          </reporter-output>
        </test-method> <!-- setUpTest -->
        <test-method signature="challengeTest()[pri:0, instance:Test.TestNG@7c711375]" started-at="2021-10-17T15:33:48 BST" name="challengeTest" finished-at="2021-10-17T15:33:55 BST" duration-ms="6892" status="PASS">
          <reporter-output>
          </reporter-output>
        </test-method> <!-- challengeTest -->
      </class> <!-- Test.TestNG -->
    </test> <!-- Default test -->
  </suite> <!-- Default suite -->
</testng-results>
