<?xml version="1.0" encoding="UTF-8"?>
<testng-results ignored="0" total="1" passed="1" failed="0" skipped="0">
  <reporter-output>
  </reporter-output>
  <suite started-at="2021-10-18T18:42:28 BST" name="Default suite" finished-at="2021-10-18T18:42:57 BST" duration-ms="28491">
    <groups>
    </groups>
    <test started-at="2021-10-18T18:42:28 BST" name="Default test" finished-at="2021-10-18T18:42:57 BST" duration-ms="28491">
      <class name="com.test.TestNG">
        <test-method is-config="true" signature="setUpTest()[pri:0, instance:com.test.TestNG@7c711375]" started-at="2021-10-18T18:42:28 BST" name="setUpTest" finished-at="2021-10-18T18:42:34 BST" duration-ms="5412" status="PASS">
          <reporter-output>
          </reporter-output>
        </test-method> <!-- setUpTest -->
        <test-method signature="challengeTest()[pri:0, instance:com.test.TestNG@7c711375]" started-at="2021-10-18T18:42:34 BST" name="challengeTest" finished-at="2021-10-18T18:42:57 BST" duration-ms="23008" status="PASS">
          <reporter-output>
          </reporter-output>
        </test-method> <!-- challengeTest -->
      </class> <!-- com.test.TestNG -->
    </test> <!-- Default test -->
  </suite> <!-- Default suite -->
</testng-results>
